<?xml version="1.0" encoding="UTF-8"?>
<!-- Generated by org.testng.reporters.JUnitXMLReporter -->
<testsuite ignored="0" hostname="Going_Merry" failures="0" tests="3" name="Surefire test" time="204.28" errors="0" timestamp="2024-06-16T21:46:16 IST">
  <testcase classname="assignment.SubmitOrderTest" name="submitOrder" time="7.083"/>
  <testcase classname="assignment.SubmitOrderTest" name="submitOrder" time="14.323"/>
  <testcase classname="assignment.SubmitOrderTest" name="verifyOrderHistory" time="1.513"/>
</testsuite> <!-- Surefire test -->
