<?xml version="1.0" encoding="UTF-8"?>
<!-- Generated by org.testng.reporters.JUnitXMLReporter -->
<testsuite ignored="0" hostname="Going_Merry" failures="0" tests="3" name="Default test" time="24.324" errors="0" timestamp="2024-06-16T14:43:21 IST">
  <testcase classname="assignment.SubmitOrderTest" name="submitOrder" time="6.898"/>
  <testcase classname="assignment.SubmitOrderTest" name="submitOrder" time="6.692"/>
  <testcase classname="assignment.SubmitOrderTest" name="verifyOrderHistory" time="1.404"/>
</testsuite> <!-- Default test -->
