<?xml version="1.0" encoding="UTF-8"?>
<!-- Generated by org.testng.reporters.JUnitXMLReporter -->
<testsuite ignored="0" hostname="Going_Merry" failures="1" tests="3" name="ErrorValidations" time="12.283" errors="0" timestamp="2024-06-16T19:28:42 IST">
  <testcase classname="assignment.ErrorValidations" name="loginErrorValidation" time="0.755">
    <skipped/>
  </testcase> <!-- loginErrorValidation -->
  <testcase classname="assignment.ErrorValidations" name="loginErrorValidation" time="0.786">
    <failure type="java.lang.AssertionError" message="expected [Incorrects email or password.] but found [Incorrect email or password.]">
      <![CDATA[java.lang.AssertionError: expected [Incorrects email or password.] but found [Incorrect email or password.]
at assignment.ErrorValidations.loginErrorValidation(ErrorValidations.java:23)
at java.base/java.util.ArrayList.forEach(ArrayList.java:1511)
at java.base/java.util.concurrent.FutureTask.run(FutureTask.java:264)
at java.base/java.util.concurrent.ThreadPoolExecutor.runWorker(ThreadPoolExecutor.java:1136)
at java.base/java.util.concurrent.ThreadPoolExecutor$Worker.run(ThreadPoolExecutor.java:635)
at java.base/java.lang.Thread.run(Thread.java:840)
... Removed 23 stack frames]]>
    </failure>
  </testcase> <!-- loginErrorValidation -->
  <testcase classname="assignment.ErrorValidations" name="productErrorValidation" time="0.781"/>
</testsuite> <!-- ErrorValidations -->
