<?xml version="1.0" encoding="UTF-8"?>
<!-- Generated by org.testng.reporters.JUnitXMLReporter -->
<testsuite ignored="2" hostname="Going_Merry" failures="0" tests="0" time="0.009" errors="0" timestamp="2024-06-16T19:28:30 IST">
  <testcase classname="assignment.SubmitOrderTest" name="verifyOrderHistory" time="0.0">
    <ignored/>
  </testcase> <!-- verifyOrderHistory -->
  <testcase classname="assignment.SubmitOrderTest" name="submitOrder" time="0.0">
    <ignored/>
  </testcase> <!-- submitOrder -->
</testsuite>
