<?xml version="1.0" encoding="UTF-8"?>
<!-- Generated by org.testng.reporters.JUnitXMLReporter -->
<testsuite ignored="1" hostname="Going_Merry" failures="0" tests="2" name="SubmitOrderTest" time="21.684" errors="0" timestamp="2024-06-16T23:46:23 IST">
  <testcase classname="assignment.SubmitOrderTest" name="submitOrder" time="6.876"/>
  <testcase classname="assignment.SubmitOrderTest" name="submitOrder" time="6.884"/>
  <testcase classname="assignment.SubmitOrderTest" name="verifyOrderHistory" time="0.0">
    <ignored/>
  </testcase> <!-- verifyOrderHistory -->
</testsuite> <!-- SubmitOrderTest -->
