<?xml version="1.0" encoding="UTF-8"?>
<testng-results ignored="0" total="2" passed="2" failed="0" skipped="0">
  <reporter-output>
  </reporter-output>
  <suite started-at="2024-06-16T23:46:01 IST" name="Suite" finished-at="2024-06-16T23:46:23 IST" duration-ms="21684">
    <groups>
      <group name="purschaseOrder">
        <method signature="SubmitOrderTest.submitOrder(java.util.HashMap)[pri:0, instance:assignment.SubmitOrderTest@43df23d3]" name="submitOrder" class="assignment.SubmitOrderTest"/>
      </group> <!-- purschaseOrder -->
    </groups>
    <test started-at="2024-06-16T23:46:01 IST" name="ErrorValidations" finished-at="2024-06-16T23:46:01 IST" duration-ms="7">
    </test> <!-- ErrorValidations -->
    <test started-at="2024-06-16T23:46:01 IST" name="SubmitOrderTest" finished-at="2024-06-16T23:46:23 IST" duration-ms="21684">
      <class name="assignment.SubmitOrderTest">
        <test-method is-config="true" signature="launchApplication()[pri:0, instance:assignment.SubmitOrderTest@43df23d3]" started-at="2024-06-16T23:46:01 IST" name="launchApplication" finished-at="2024-06-16T23:46:06 IST" duration-ms="4324" status="PASS">
          <reporter-output>
          </reporter-output>
        </test-method> <!-- launchApplication -->
        <test-method signature="submitOrder(java.util.HashMap)[pri:0, instance:assignment.SubmitOrderTest@43df23d3]" started-at="2024-06-16T23:46:06 IST" name="submitOrder" data-provider="getData" finished-at="2024-06-16T23:46:13 IST" duration-ms="6876" status="PASS">
          <params>
            <param index="0">
              <value>
                <![CDATA[{password=dummypasS1, email=dummyuser15678@gmail.com, productName=ZARA COAT 3}]]>
              </value>
            </param>
          </params>
          <reporter-output>
          </reporter-output>
        </test-method> <!-- submitOrder -->
        <test-method is-config="true" signature="close()[pri:0, instance:assignment.SubmitOrderTest@43df23d3]" started-at="2024-06-16T23:46:13 IST" name="close" finished-at="2024-06-16T23:46:13 IST" duration-ms="42" status="PASS">
          <reporter-output>
          </reporter-output>
        </test-method> <!-- close -->
        <test-method is-config="true" signature="launchApplication()[pri:0, instance:assignment.SubmitOrderTest@43df23d3]" started-at="2024-06-16T23:46:13 IST" name="launchApplication" finished-at="2024-06-16T23:46:16 IST" duration-ms="3321" status="PASS">
          <reporter-output>
          </reporter-output>
        </test-method> <!-- launchApplication -->
        <test-method signature="submitOrder(java.util.HashMap)[pri:0, instance:assignment.SubmitOrderTest@43df23d3]" started-at="2024-06-16T23:46:16 IST" name="submitOrder" data-provider="getData" finished-at="2024-06-16T23:46:23 IST" duration-ms="6884" status="PASS">
          <params>
            <param index="0">
              <value>
                <![CDATA[{password=dummypasS1, email=dummy76589dummy@gamil.com, productName=ADIDAS ORIGINAL}]]>
              </value>
            </param>
          </params>
          <reporter-output>
          </reporter-output>
        </test-method> <!-- submitOrder -->
        <test-method is-config="true" signature="close()[pri:0, instance:assignment.SubmitOrderTest@43df23d3]" started-at="2024-06-16T23:46:23 IST" name="close" finished-at="2024-06-16T23:46:23 IST" duration-ms="31" status="PASS">
          <reporter-output>
          </reporter-output>
        </test-method> <!-- close -->
      </class> <!-- assignment.SubmitOrderTest -->
    </test> <!-- SubmitOrderTest -->
  </suite> <!-- Suite -->
</testng-results>
